<?xml version="1.0" encoding="UTF-8"?>
<!-- Generated by org.testng.reporters.JUnitReportReporter -->
<testsuite hostname="SeenaReddy" failures="0" tests="1" name="assignments.College" time="5.953" errors="0" timestamp="2023-02-06T18:39:40 CST" skipped="0">
  <testcase classname="assignments.College" name="f" time="5.953"/>
  <system-out/>
</testsuite> <!-- assignments.College -->
