<?xml version="1.0" encoding="UTF-8"?>
<!-- Generated by org.testng.reporters.JUnitReportReporter -->
<testsuite hostname="SeenaReddy" failures="0" tests="1" name="seleniumBasics.FindObjectOnScreen" time="5.811" errors="0" timestamp="2023-02-06T19:06:15 CST" skipped="0">
  <testcase classname="seleniumBasics.FindObjectOnScreen" name="f" time="5.811"/>
  <system-out/>
</testsuite> <!-- seleniumBasics.FindObjectOnScreen -->
