<?xml version="1.0" encoding="UTF-8"?>
<!-- Generated by org.testng.reporters.JUnitReportReporter -->
<testsuite hostname="SeenaReddy" failures="0" tests="1" name="seleniumBasics.DropdownSample" time="5.552" errors="0" timestamp="2023-02-03T18:57:34 CST" skipped="0">
  <testcase classname="seleniumBasics.DropdownSample" name="f" time="5.552"/>
  <system-out/>
</testsuite> <!-- seleniumBasics.DropdownSample -->
