<?xml version="1.0" encoding="UTF-8"?>
<!-- Generated by org.testng.reporters.JUnitReportReporter -->
<testsuite hostname="SeenaReddy" failures="0" tests="1" name="seleniumBasics.TTD_DropdownSample" time="23.564" errors="0" timestamp="2023-02-03T19:08:30 CST" skipped="0">
  <testcase classname="seleniumBasics.TTD_DropdownSample" name="f" time="23.564"/>
  <system-out/>
</testsuite> <!-- seleniumBasics.TTD_DropdownSample -->
